Diagnosis:type=diagnosis
diagnosis:type=diagnosis
diagnosed:type=diagnosis
Diagnosed:type=diagnosis
Suffers:type=suffers
suffers:type=suffers
in keeping with:type=diagnosis
suffering:type=suffers
story is consistent with:type=diagnosis
history is consistent with:type=diagnosis
problems:type=suffers
problem:type=suffers
very suggestive of:type=diagnosis
would be consistent with:type=diagnosis
history is suggestive of:type=diagnosis
possibility of:type=diagnosis
symptoms are suggestive of:type=diagnosis
my impression is:type=diagnosis
we are dealing with:type=diagnosis
Diagnoses:type=diagnosis
diagnoses:type=diagnosis
